bash-2.05a-3.m68kmint.rpm
info-4.0-2.m68kmint.rpm
cpio-2.4.2-3.m68kmint.rpm
fileutils-4.1-2.m68kmint.rpm
base-1.4-2.m68kmint.rpm
oldstuff-1.0-3.m68kmint.rpm
pstop-1.0-1.m68kmint.rpm
psmisc-19-3.m68kmint.rpm
initscripts-1.3-2.m68kmint.rpm
hostname-2.07-1.m68kmint.rpm
mktemp-1.4-1.m68kmint.rpm
gzip-1.3-1.m68kmint.rpm
tar-1.23-4.m68kmint.rpm
chkconfig-1.0.7-2.m68kmint.rpm
logrotate-3.5.9-1.m68kmint.rpm
sysklogd-1.3-5.m68kmint.rpm
e2fsprogs-1.27-2.m68kmint.rpm
freemint-1.18.0-1.m68kmint.rpm
popt-1.3-4.m68kmint.rpm
bzip2-1.0.2-1.m68kmint.rpm
textutils-2.0.11-2.m68kmint.rpm
findutils-4.1.7-1.m68kmint.rpm
sh-utils-2.0.11-1.m68kmint.rpm
gawk-3.0.6-1.m68kmint.rpm
rpm-3.0.6-4.m68kmint.rpm
ncurses-5.1-1.m68kmint.rpm
ed-0.2-1.m68kmint.rpm
sed-4.2.1-1.m68kmint.rpm
grep-2.4.2-1.m68kmint.rpm
less-376-1.m68kmint.rpm
mintbin-0.3-4.m68kmint.rpm
mintlib-0.59.1-1.m68kmint.rpm
which-2.14-1.m68kmint.rpm
mint-util-0.3.2-2.m68kmint.rpm
termcap-9.12.6-5.noarch.rpm
groff-1.15-3.m68kmint.rpm
man-1.5g-4.m68kmint.rpm
freemint-gem-1.18.0-1.m68kmint.rpm
freemint-sbin-1.18.0-1.m68kmint.rpm
freemint-xaaes-1.18.0-1.m68kmint.rpm
shadow-utils-20000902-1.m68kmint.rpm
vim-minimal-6.0-1.m68kmint.rpm