libjpeg-8b-2.m68kmint.rpm
libjpeg-devel-8b-2.m68kmint.rpm
libtiff-3.5.5-1.m68kmint.rpm
libtiff-devel-3.5.5-1.m68kmint.rpm
libpng-1.5.9-1.m68kmint.rpm
libiconv-1.13.1-1.m68kmint.rpm
libxml2-2.4.20-1.m68kmint.rpm
libxml2-devel-2.4.20-1.m68kmint.rpm
libxml-1.8.9-1.m68kmint.rpm
libxml-devel-1.8.9-1.m68kmint.rpm
freetype-2.0.4-1.m68kmint.rpm
freetype-devel-2.0.4-1.m68kmint.rpm
libmikmod-3.1.11-1.m68kmint.rpm
libmikmod-devel-3.1.11-1.m68kmint.rpm
libungif-devel-4.1.0-1.m68kmint.rpm
libungif-progs-4.1.0-1.m68kmint.rpm
libwmf-0.2.2-1.m68kmint.rpm
netpbm-devel-9.5-1.m68kmint.rpm
sdbm-1.0.2-1.m68kmint.rpm
sox-devel-12.17.3-1.m68kmint.rpm
