freemint-net-1.18.0-1.m68kmint.rpm
openssl-1.0.0c-1.m68kmint.rpm
openssh-5.6p1-2.m68kmint.rpm
openssh-clients-5.6p1-2.m68kmint.rpm
ppp-2.3.11-2.m68kmint.rpm
indexhtml-1.0-1.noarch.rpm
lynx-ssl-2.8.4-1.m68kmint.rpm
ftp-0.17-2.m68kmint.rpm
fwhois-1.00-2.m68kmint.rpm
smail-3.2.0.101-1.m68kmint.rpm
mailx-8.1.1-1.m68kmint.rpm
mutt-1.3.23-1.m68kmint.rpm
ncftp-3.1.5-1.m68kmint.rpm
pine-4.31-1.m68kmint.rpm
procmail-3.13.1-1.m68kmint.rpm
rsync-2.5.4-1.m68kmint.rpm
telnet-0.1-1.m68kmint.rpm
ping-20010219-2.m68kmint.rpm
traceroute-1.4a5-1.m68kmint.rpm
nslookup-5.42-2.m68kmint.rpm
wget-1.9.1-0.m68kmint.rpm
wvdial-1.41-2.m68kmint.rpm
dhclient-3.0.3-2.m68kmint.rpm