XServer-0.14-1.m68kmint.rpm
XFree86-xfs-4.0-1.m68kmint.rpm
chkfontpath-1.7-2.m68kmint.rpm
XFree86-100dpi-fonts-4.0-1.m68kmint.rpm
XFree86-75dpi-fonts-4.0-1.m68kmint.rpm
XFree86-cyrillic-fonts-4.0-1.m68kmint.rpm
XFree86-4.0-1.m68kmint.rpm
XFree86-devel-4.0-1.m68kmint.rpm
XFree86-doc-4.0-1.m68kmint.rpm
XFree86-tools-4.0-1.m68kmint.rpm
XFree86-twm-4.0-1.m68kmint.rpm
XFree86-xdm-4.0-1.m68kmint.rpm
urw-fonts-2.0-2.noarch.rpm
ghostscript-fonts-6.0-1.noarch.rpm
ghostscript-8.15-1.m68kmint.rpm
gv-3.5.8-2.m68kmint.rpm
ImageMagick-5.3.6-1.m68kmint.rpm
xv-3.10a-2.m68kmint.rpm
xpuzzles-5.5.2-1.m68kmint.rpm
xpaint-2.4.9-1.m68kmint.rpm
